<?xml version="1.0" encoding="UTF-8"?>
<testng-results skipped="0" failed="0" ignored="0" total="1" passed="1">
  <reporter-output>
  </reporter-output>
  <suite name="Default suite" duration-ms="120" started-at="2022-04-14T21:11:45 IST" finished-at="2022-04-14T21:11:45 IST">
    <groups>
    </groups>
    <test name="Default test" duration-ms="120" started-at="2022-04-14T21:11:45 IST" finished-at="2022-04-14T21:11:45 IST">
      <class name="com.sauceDemo.TestClasses.TestNG">
        <test-method status="PASS" signature="Method1()[pri:0, instance:com.sauceDemo.TestClasses.TestNG@87f383f]" name="Method1" duration-ms="19" started-at="2022-04-14T21:11:45 IST" finished-at="2022-04-14T21:11:45 IST">
          <reporter-output>
          </reporter-output>
        </test-method> <!-- Method1 -->
      </class> <!-- com.sauceDemo.TestClasses.TestNG -->
    </test> <!-- Default test -->
  </suite> <!-- Default suite -->
</testng-results>
